Logfile initialized
[INFO] logfile = /Users/prpatel/dev/TripLingo/MobileWorkspace/VoterLab/build.log
[DEBUG] /Library/Application Support/Titanium/mobilesdk/osx/1.7.5/android/builder.py install VoterLab /Users/prpatel/dev/android-sdk-mac_x86 /Users/prpatel/dev/TripLingo/MobileWorkspace/VoterLab com.mypatelspace.voterlab 3
[INFO] Titanium SDK version: 1.7.5 (11/02/11 17:00 ab20af7)
[DEBUG] Waiting for device to be ready ...
[TRACE] adb devices returned 1 devices/emulators
[DEBUG] Device connected... (waited 0 seconds)
[DEBUG] waited 0.358612 seconds on emulator to get ready
[DEBUG] com.mypatelspace.voterlab installed? False
[INFO] Copying project resources..
[INFO] Detected tiapp.xml change (or assets deleted), forcing full re-build...
[TRACE] COPYING CREATED FILE: /Users/prpatel/dev/TripLingo/MobileWorkspace/VoterLab/Resources/android/appicon.png => /Users/prpatel/dev/TripLingo/MobileWorkspace/VoterLab/build/android/bin/assets/Resources/appicon.png
[TRACE] COPYING CREATED FILE: /Users/prpatel/dev/TripLingo/MobileWorkspace/VoterLab/Resources/android/default.png => /Users/prpatel/dev/TripLingo/MobileWorkspace/VoterLab/build/android/bin/assets/Resources/default.png
[TRACE] COPYING CREATED FILE: /Users/prpatel/dev/TripLingo/MobileWorkspace/VoterLab/Resources/app.js => /Users/prpatel/dev/TripLingo/MobileWorkspace/VoterLab/build/android/bin/assets/Resources/app.js
[TRACE] COPYING CREATED FILE: /Users/prpatel/dev/TripLingo/MobileWorkspace/VoterLab/Resources/images/KS_nav_ui.png => /Users/prpatel/dev/TripLingo/MobileWorkspace/VoterLab/build/android/bin/assets/Resources/images/KS_nav_ui.png
[TRACE] COPYING CREATED FILE: /Users/prpatel/dev/TripLingo/MobileWorkspace/VoterLab/Resources/images/KS_nav_views.png => /Users/prpatel/dev/TripLingo/MobileWorkspace/VoterLab/build/android/bin/assets/Resources/images/KS_nav_views.png
[TRACE] COPYING CREATED FILE: /Users/prpatel/dev/TripLingo/MobileWorkspace/VoterLab/Resources/KS_nav_ui.png => /Users/prpatel/dev/TripLingo/MobileWorkspace/VoterLab/build/android/bin/assets/Resources/KS_nav_ui.png
[TRACE] COPYING CREATED FILE: /Users/prpatel/dev/TripLingo/MobileWorkspace/VoterLab/Resources/KS_nav_views.png => /Users/prpatel/dev/TripLingo/MobileWorkspace/VoterLab/build/android/bin/assets/Resources/KS_nav_views.png
[TRACE] COPYING CREATED FILE: /Users/prpatel/dev/TripLingo/MobileWorkspace/VoterLab/Resources/lab1.js => /Users/prpatel/dev/TripLingo/MobileWorkspace/VoterLab/build/android/bin/assets/Resources/lab1.js
[TRACE] COPYING CREATED FILE: /Users/prpatel/dev/TripLingo/MobileWorkspace/VoterLab/Resources/lab2.js => /Users/prpatel/dev/TripLingo/MobileWorkspace/VoterLab/build/android/bin/assets/Resources/lab2.js
[TRACE] COPYING CREATED FILE: /Users/prpatel/dev/TripLingo/MobileWorkspace/VoterLab/Resources/lab3.js => /Users/prpatel/dev/TripLingo/MobileWorkspace/VoterLab/build/android/bin/assets/Resources/lab3.js
[TRACE] COPYING CREATED FILE: /Users/prpatel/dev/TripLingo/MobileWorkspace/VoterLab/Resources/lab5-b.js => /Users/prpatel/dev/TripLingo/MobileWorkspace/VoterLab/build/android/bin/assets/Resources/lab5-b.js
[TRACE] COPYING CREATED FILE: /Users/prpatel/dev/TripLingo/MobileWorkspace/VoterLab/Resources/lab5.js => /Users/prpatel/dev/TripLingo/MobileWorkspace/VoterLab/build/android/bin/assets/Resources/lab5.js
[TRACE] COPYING CREATED FILE: /Users/prpatel/dev/TripLingo/MobileWorkspace/VoterLab/Resources/lab6-b.js => /Users/prpatel/dev/TripLingo/MobileWorkspace/VoterLab/build/android/bin/assets/Resources/lab6-b.js
[TRACE] COPYING CREATED FILE: /Users/prpatel/dev/TripLingo/MobileWorkspace/VoterLab/Resources/lab6.js => /Users/prpatel/dev/TripLingo/MobileWorkspace/VoterLab/build/android/bin/assets/Resources/lab6.js
[TRACE] COPYING CREATED FILE: /Users/prpatel/dev/TripLingo/MobileWorkspace/VoterLab/Resources/lab7-b.js => /Users/prpatel/dev/TripLingo/MobileWorkspace/VoterLab/build/android/bin/assets/Resources/lab7-b.js
[TRACE] COPYING CREATED FILE: /Users/prpatel/dev/TripLingo/MobileWorkspace/VoterLab/Resources/lab7.js => /Users/prpatel/dev/TripLingo/MobileWorkspace/VoterLab/build/android/bin/assets/Resources/lab7.js
[TRACE] COPYING CREATED FILE: /Users/prpatel/dev/TripLingo/MobileWorkspace/VoterLab/Resources/lab8-b.js => /Users/prpatel/dev/TripLingo/MobileWorkspace/VoterLab/build/android/bin/assets/Resources/lab8-b.js
[TRACE] COPYING CREATED FILE: /Users/prpatel/dev/TripLingo/MobileWorkspace/VoterLab/Resources/lab8.js => /Users/prpatel/dev/TripLingo/MobileWorkspace/VoterLab/build/android/bin/assets/Resources/lab8.js
[TRACE] COPYING CREATED FILE: /Users/prpatel/dev/TripLingo/MobileWorkspace/VoterLab/Resources/lab9-b.js => /Users/prpatel/dev/TripLingo/MobileWorkspace/VoterLab/build/android/bin/assets/Resources/lab9-b.js
[TRACE] COPYING CREATED FILE: /Users/prpatel/dev/TripLingo/MobileWorkspace/VoterLab/Resources/lab9.js => /Users/prpatel/dev/TripLingo/MobileWorkspace/VoterLab/build/android/bin/assets/Resources/lab9.js
[TRACE] COPYING CREATED FILE: /Users/prpatel/dev/TripLingo/MobileWorkspace/VoterLab/Resources/ui/AppTabGroup.js => /Users/prpatel/dev/TripLingo/MobileWorkspace/VoterLab/build/android/bin/assets/Resources/ui/AppTabGroup.js
[TRACE] COPYING CREATED FILE: /Users/prpatel/dev/TripLingo/MobileWorkspace/VoterLab/Resources/ui/AppWindow.js => /Users/prpatel/dev/TripLingo/MobileWorkspace/VoterLab/build/android/bin/assets/Resources/ui/AppWindow.js
[TRACE] Generating Java Classes
[DEBUG] Processing Android resource drawables
[DEBUG] copying app icon: /Users/prpatel/dev/TripLingo/MobileWorkspace/VoterLab/build/android/bin/assets/Resources/appicon.png
[DEBUG] generating theme.xml
[DEBUG] found drawable-long-land-hdpi splash screen at /Users/prpatel/dev/TripLingo/MobileWorkspace/VoterLab/Resources/android/images/res-long-land-hdpi/default.png
[DEBUG] copying /Users/prpatel/dev/TripLingo/MobileWorkspace/VoterLab/Resources/android/images/res-long-land-hdpi/default.png splash screen to /Users/prpatel/dev/TripLingo/MobileWorkspace/VoterLab/build/android/res/drawable-long-land-hdpi/background.png
[DEBUG] found drawable-long-land-ldpi splash screen at /Users/prpatel/dev/TripLingo/MobileWorkspace/VoterLab/Resources/android/images/res-long-land-ldpi/default.png
[DEBUG] copying /Users/prpatel/dev/TripLingo/MobileWorkspace/VoterLab/Resources/android/images/res-long-land-ldpi/default.png splash screen to /Users/prpatel/dev/TripLingo/MobileWorkspace/VoterLab/build/android/res/drawable-long-land-ldpi/background.png
[DEBUG] found drawable-long-port-hdpi splash screen at /Users/prpatel/dev/TripLingo/MobileWorkspace/VoterLab/Resources/android/images/res-long-port-hdpi/default.png
[DEBUG] copying /Users/prpatel/dev/TripLingo/MobileWorkspace/VoterLab/Resources/android/images/res-long-port-hdpi/default.png splash screen to /Users/prpatel/dev/TripLingo/MobileWorkspace/VoterLab/build/android/res/drawable-long-port-hdpi/background.png
[DEBUG] found drawable-long-port-ldpi splash screen at /Users/prpatel/dev/TripLingo/MobileWorkspace/VoterLab/Resources/android/images/res-long-port-ldpi/default.png
[DEBUG] copying /Users/prpatel/dev/TripLingo/MobileWorkspace/VoterLab/Resources/android/images/res-long-port-ldpi/default.png splash screen to /Users/prpatel/dev/TripLingo/MobileWorkspace/VoterLab/build/android/res/drawable-long-port-ldpi/background.png
[DEBUG] found drawable-notlong-land-hdpi splash screen at /Users/prpatel/dev/TripLingo/MobileWorkspace/VoterLab/Resources/android/images/res-notlong-land-hdpi/default.png
[DEBUG] copying /Users/prpatel/dev/TripLingo/MobileWorkspace/VoterLab/Resources/android/images/res-notlong-land-hdpi/default.png splash screen to /Users/prpatel/dev/TripLingo/MobileWorkspace/VoterLab/build/android/res/drawable-notlong-land-hdpi/background.png
[DEBUG] found drawable-notlong-land-ldpi splash screen at /Users/prpatel/dev/TripLingo/MobileWorkspace/VoterLab/Resources/android/images/res-notlong-land-ldpi/default.png
[DEBUG] copying /Users/prpatel/dev/TripLingo/MobileWorkspace/VoterLab/Resources/android/images/res-notlong-land-ldpi/default.png splash screen to /Users/prpatel/dev/TripLingo/MobileWorkspace/VoterLab/build/android/res/drawable-notlong-land-ldpi/background.png
[DEBUG] found drawable-notlong-land-mdpi splash screen at /Users/prpatel/dev/TripLingo/MobileWorkspace/VoterLab/Resources/android/images/res-notlong-land-mdpi/default.png
[DEBUG] copying /Users/prpatel/dev/TripLingo/MobileWorkspace/VoterLab/Resources/android/images/res-notlong-land-mdpi/default.png splash screen to /Users/prpatel/dev/TripLingo/MobileWorkspace/VoterLab/build/android/res/drawable-notlong-land-mdpi/background.png
[DEBUG] found drawable-notlong-port-hdpi splash screen at /Users/prpatel/dev/TripLingo/MobileWorkspace/VoterLab/Resources/android/images/res-notlong-port-hdpi/default.png
[DEBUG] copying /Users/prpatel/dev/TripLingo/MobileWorkspace/VoterLab/Resources/android/images/res-notlong-port-hdpi/default.png splash screen to /Users/prpatel/dev/TripLingo/MobileWorkspace/VoterLab/build/android/res/drawable-notlong-port-hdpi/background.png
[DEBUG] found drawable-notlong-port-ldpi splash screen at /Users/prpatel/dev/TripLingo/MobileWorkspace/VoterLab/Resources/android/images/res-notlong-port-ldpi/default.png
[DEBUG] copying /Users/prpatel/dev/TripLingo/MobileWorkspace/VoterLab/Resources/android/images/res-notlong-port-ldpi/default.png splash screen to /Users/prpatel/dev/TripLingo/MobileWorkspace/VoterLab/build/android/res/drawable-notlong-port-ldpi/background.png
[DEBUG] found drawable-notlong-port-mdpi splash screen at /Users/prpatel/dev/TripLingo/MobileWorkspace/VoterLab/Resources/android/images/res-notlong-port-mdpi/default.png
[DEBUG] copying /Users/prpatel/dev/TripLingo/MobileWorkspace/VoterLab/Resources/android/images/res-notlong-port-mdpi/default.png splash screen to /Users/prpatel/dev/TripLingo/MobileWorkspace/VoterLab/build/android/res/drawable-notlong-port-mdpi/background.png
[DEBUG] found splash screen at /Users/prpatel/dev/TripLingo/MobileWorkspace/VoterLab/build/android/bin/assets/Resources/default.png
[TRACE] Writing out AndroidManifest.xml
[DEBUG] adding /Users/prpatel/dev/TripLingo/MobileWorkspace/VoterLab/build/android/gen/com/mypatelspace/voterlab/R.java to javac build list
[DEBUG] adding /Users/prpatel/dev/TripLingo/MobileWorkspace/VoterLab/build/android/gen/com/mypatelspace/voterlab/VoterlabActivity.java to javac build list
[DEBUG] adding /Users/prpatel/dev/TripLingo/MobileWorkspace/VoterLab/build/android/gen/com/mypatelspace/voterlab/VoterlabAppInfo.java to javac build list
[DEBUG] adding /Users/prpatel/dev/TripLingo/MobileWorkspace/VoterLab/build/android/gen/com/mypatelspace/voterlab/VoterlabApplication.java to javac build list
[DEBUG] Building Java Sources: "/Users/prpatel/dev/TripLingo/MobileWorkspace/VoterLab/build/android/gen/com/mypatelspace/voterlab/R.java" "/Users/prpatel/dev/TripLingo/MobileWorkspace/VoterLab/build/android/gen/com/mypatelspace/voterlab/VoterlabActivity.java" "/Users/prpatel/dev/TripLingo/MobileWorkspace/VoterLab/build/android/gen/com/mypatelspace/voterlab/VoterlabAppInfo.java" "/Users/prpatel/dev/TripLingo/MobileWorkspace/VoterLab/build/android/gen/com/mypatelspace/voterlab/VoterlabApplication.java"
[INFO] Compiling Android Resources... This could take some time
[DEBUG] Android classes.dex built
[DEBUG] creating unsigned apk: /Users/prpatel/dev/TripLingo/MobileWorkspace/VoterLab/build/android/bin/app-unsigned.apk
[DEBUG] from resource zip => assets/Resources/images/KS_nav_ui.png
[DEBUG] from resource zip => assets/Resources/images/KS_nav_views.png
[DEBUG] from resource zip => assets/Resources/ui/AppTabGroup.js
[DEBUG] from resource zip => assets/Resources/ui/AppWindow.js
[DEBUG] from resource zip => assets/Resources/KS_nav_ui.png
[DEBUG] from resource zip => assets/Resources/KS_nav_views.png
[DEBUG] from resource zip => assets/Resources/app.js
[DEBUG] from resource zip => assets/Resources/appicon.png
[DEBUG] from resource zip => assets/Resources/default.png
[DEBUG] from resource zip => assets/Resources/lab1.js
[DEBUG] from resource zip => assets/Resources/lab2.js
[DEBUG] from resource zip => assets/Resources/lab3.js
[DEBUG] from resource zip => assets/Resources/lab5-b.js
[DEBUG] from resource zip => assets/Resources/lab5.js
[DEBUG] from resource zip => assets/Resources/lab6-b.js
[DEBUG] from resource zip => assets/Resources/lab6.js
[DEBUG] from resource zip => assets/Resources/lab7-b.js
[DEBUG] from resource zip => assets/Resources/lab7.js
[DEBUG] from resource zip => assets/Resources/lab8-b.js
[DEBUG] from resource zip => assets/Resources/lab8.js
[DEBUG] from resource zip => assets/Resources/lab9-b.js
[DEBUG] from resource zip => assets/Resources/lab9.js
[DEBUG] from resource zip => assets/tiapp.xml
[DEBUG] from resource zip => res/drawable/appicon.png
[DEBUG] from resource zip => res/drawable/background.png
[DEBUG] from resource zip => res/drawable/facebook_icon.png
[DEBUG] from resource zip => res/drawable/facebook_login.png
[DEBUG] from resource zip => res/drawable/facebook_login_down.png
[DEBUG] from resource zip => res/drawable/facebook_login_wide.png
[DEBUG] from resource zip => res/drawable/facebook_login_wide_down.png
[DEBUG] from resource zip => res/drawable/facebook_logout.png
[DEBUG] from resource zip => res/drawable/facebook_logout_down.png
[DEBUG] from resource zip => res/layout/titanium_tabgroup.xml
[DEBUG] from resource zip => AndroidManifest.xml
[DEBUG] from resource zip => resources.arsc
[DEBUG] from resource zip => res/drawable-hdpi/facebook_icon.png
[DEBUG] from resource zip => res/drawable-ldpi/facebook_icon.png
[DEBUG] from resource zip => res/drawable-long-land-hdpi/background.png
[DEBUG] from resource zip => res/drawable-long-land-ldpi/background.png
[DEBUG] from resource zip => res/drawable-long-port-hdpi/background.png
[DEBUG] from resource zip => res/drawable-long-port-ldpi/background.png
[DEBUG] from resource zip => res/drawable-notlong-land-hdpi/background.png
[DEBUG] from resource zip => res/drawable-notlong-land-ldpi/background.png
[DEBUG] from resource zip => res/drawable-notlong-land-mdpi/background.png
[DEBUG] from resource zip => res/drawable-notlong-port-hdpi/background.png
[DEBUG] from resource zip => res/drawable-notlong-port-ldpi/background.png
[DEBUG] from resource zip => res/drawable-notlong-port-mdpi/background.png
[DEBUG] from JAR /Library/Application Support/Titanium/mobilesdk/osx/1.7.5/android/titanium.jar => org/apache/Commons-NOTICE.txt
[DEBUG] from JAR /Library/Application Support/Titanium/mobilesdk/osx/1.7.5/android/titanium.jar => org/apache/HttpComponents-NOTICE.txt
[DEBUG] from JAR /Library/Application Support/Titanium/mobilesdk/osx/1.7.5/android/titanium.jar => org/apache/mime4j-NOTICE.txt
[DEBUG] from JAR /Library/Application Support/Titanium/mobilesdk/osx/1.7.5/android/titanium.jar => org/appcelerator/titanium/build.properties
[DEBUG] from JAR /Library/Application Support/Titanium/mobilesdk/osx/1.7.5/android/titanium.jar => org/appcelerator/titanium/res/drawable/background.png
[DEBUG] from JAR /Library/Application Support/Titanium/mobilesdk/osx/1.7.5/android/titanium.jar => org/appcelerator/titanium/res/drawable/btn_check_buttonless_on.png
[DEBUG] from JAR /Library/Application Support/Titanium/mobilesdk/osx/1.7.5/android/titanium.jar => org/appcelerator/titanium/res/drawable/btn_check_buttonless_on_18.png
[DEBUG] from JAR /Library/Application Support/Titanium/mobilesdk/osx/1.7.5/android/titanium.jar => org/appcelerator/titanium/res/drawable/btn_check_buttonless_on_48.png
[DEBUG] from JAR /Library/Application Support/Titanium/mobilesdk/osx/1.7.5/android/titanium.jar => org/appcelerator/titanium/res/drawable/btn_more.png
[DEBUG] from JAR /Library/Application Support/Titanium/mobilesdk/osx/1.7.5/android/titanium.jar => org/appcelerator/titanium/res/drawable/btn_more_18.png
[DEBUG] from JAR /Library/Application Support/Titanium/mobilesdk/osx/1.7.5/android/titanium.jar => org/appcelerator/titanium/res/drawable/btn_more_48.png
[DEBUG] from JAR /Library/Application Support/Titanium/mobilesdk/osx/1.7.5/android/titanium.jar => org/appcelerator/titanium/res/drawable/btn_picker_normal.9.png
[DEBUG] from JAR /Library/Application Support/Titanium/mobilesdk/osx/1.7.5/android/titanium.jar => org/appcelerator/titanium/res/drawable/btn_picker_pressed.9.png
[DEBUG] from JAR /Library/Application Support/Titanium/mobilesdk/osx/1.7.5/android/titanium.jar => org/appcelerator/titanium/res/drawable/btn_picker_selected.9.png
[DEBUG] from JAR /Library/Application Support/Titanium/mobilesdk/osx/1.7.5/android/titanium.jar => org/appcelerator/titanium/res/drawable/default_icon.png
[DEBUG] from JAR /Library/Application Support/Titanium/mobilesdk/osx/1.7.5/android/titanium.jar => org/appcelerator/titanium/res/drawable/photoDefault.png
[DEBUG] from JAR /Library/Application Support/Titanium/mobilesdk/osx/1.7.5/android/smalljs.jar => org/mozilla/javascript/resources/Messages.properties
[DEBUG] from JAR /Library/Application Support/Titanium/mobilesdk/osx/1.7.5/android/smalljs.jar => org/mozilla/javascript/resources/Messages_fr.properties
[DEBUG] from JAR /Library/Application Support/Titanium/mobilesdk/osx/1.7.5/android/modules/titanium-ui.jar => ti/modules/titanium/ui/widget/webview/binding.js
[DEBUG] from JAR /Library/Application Support/Titanium/mobilesdk/osx/1.7.5/android/modules/titanium-ui.jar => ti/modules/titanium/ui/widget/webview/binding.min.js
[DEBUG] from JAR /Library/Application Support/Titanium/mobilesdk/osx/1.7.5/android/modules/titanium-ui.jar => ti/modules/titanium/ui/widget/webview/json2.js
[DEBUG] from JAR /Library/Application Support/Titanium/mobilesdk/osx/1.7.5/android/modules/titanium-facebook.jar => ti/modules/titanium/facebook/LICENSE
[DEBUG] Waiting for device to be ready ...
[TRACE] adb devices returned 1 devices/emulators
[DEBUG] Device connected... (waited 0 seconds)
[DEBUG] waited 0.400220 seconds on emulator to get ready
[INFO] Installing application on emulator
[INFO] Application installed. Launch from drawer on Home Screen
